<?xml version="1.0" encoding="UTF-8"?>
<testng-results ignored="0" total="1" passed="1" failed="0" skipped="0">
  <reporter-output>
  </reporter-output>
  <suite started-at="2023-02-19T11:32:59 AST" name="Suite" finished-at="2023-02-19T11:33:19 AST" duration-ms="20596">
    <groups>
    </groups>
    <test started-at="2023-02-19T11:32:59 AST" name="Test" finished-at="2023-02-19T11:33:19 AST" duration-ms="20596">
      <class name="stc.b2b.msd365.testcases.TC_RegisteredUserLoginTest">
        <test-method is-config="true" signature="setup()[pri:0, instance:stc.b2b.msd365.testcases.TC_RegisteredUserLoginTest@b9b00e0]" started-at="2023-02-19T11:32:59 AST" name="setup" finished-at="2023-02-19T11:33:11 AST" duration-ms="12363" status="PASS">
          <reporter-output>
          </reporter-output>
        </test-method> <!-- setup -->
        <test-method signature="verifyRegistrationAndLogin()[pri:0, instance:stc.b2b.msd365.testcases.TC_RegisteredUserLoginTest@b9b00e0]" started-at="2023-02-19T11:33:11 AST" name="verifyRegistrationAndLogin" finished-at="2023-02-19T11:33:19 AST" duration-ms="7633" status="PASS">
          <reporter-output>
          </reporter-output>
        </test-method> <!-- verifyRegistrationAndLogin -->
        <test-method is-config="true" signature="tearDown()[pri:0, instance:stc.b2b.msd365.testcases.TC_RegisteredUserLoginTest@b9b00e0]" started-at="2023-02-19T11:33:19 AST" name="tearDown" finished-at="2023-02-19T11:33:19 AST" duration-ms="420" status="PASS">
          <reporter-output>
          </reporter-output>
        </test-method> <!-- tearDown -->
      </class> <!-- stc.b2b.msd365.testcases.TC_RegisteredUserLoginTest -->
    </test> <!-- Test -->
  </suite> <!-- Suite -->
</testng-results>
