<?xml version="1.0" encoding="UTF-8"?>
<testsuite xmlns:xsi="http://www.w3.org/2001/XMLSchema-instance" xsi:noNamespaceSchemaLocation="https://maven.apache.org/surefire/maven-surefire-plugin/xsd/surefire-test-report-3.0.xsd" version="3.0" name="TestSuite" time="21.164" tests="1" errors="0" skipped="0" failures="0">
  <properties>
[...]
</properties>
  <testcase name="verifyRegistrationAndLogin" classname="stc.b2b.msd365.testcases.TC_RegisteredUserLoginTest" time="7.641">
    <system-out><![CDATA[On Start method invoked....
[DEBUG] 2023-02-19 11:33:05.008 [main] InternalLoggerFactory - Using Log4J2 as the default logging framework
[DEBUG] 2023-02-19 11:33:05.016 [main] ResourceLeakDetector - -Dio.netty.leakDetection.level: simple
[DEBUG] 2023-02-19 11:33:05.017 [main] ResourceLeakDetector - -Dio.netty.leakDetection.targetRecords: 4
[DEBUG] 2023-02-19 11:33:05.024 [main] ResourceLeakDetectorFactory - Loaded default ResourceLeakDetector: io.netty.util.ResourceLeakDetector@54d8c20d
[DEBUG] 2023-02-19 11:33:05.040 [main] PlatformDependent0 - -Dio.netty.noUnsafe: false
[DEBUG] 2023-02-19 11:33:05.041 [main] PlatformDependent0 - Java version: 17
[DEBUG] 2023-02-19 11:33:05.042 [main] PlatformDependent0 - sun.misc.Unsafe.theUnsafe: available
[DEBUG] 2023-02-19 11:33:05.043 [main] PlatformDependent0 - sun.misc.Unsafe.copyMemory: available
[DEBUG] 2023-02-19 11:33:05.043 [main] PlatformDependent0 - sun.misc.Unsafe.storeFence: available
[DEBUG] 2023-02-19 11:33:05.043 [main] PlatformDependent0 - java.nio.Buffer.address: available
[DEBUG] 2023-02-19 11:33:05.044 [main] PlatformDependent0 - direct buffer constructor: unavailable: Reflective setAccessible(true) disabled
[DEBUG] 2023-02-19 11:33:05.044 [main] PlatformDependent0 - java.nio.Bits.unaligned: available, true
[DEBUG] 2023-02-19 11:33:05.045 [main] PlatformDependent0 - jdk.internal.misc.Unsafe.allocateUninitializedArray(int): unavailable: class io.netty.util.internal.PlatformDependent0$7 cannot access class jdk.internal.misc.Unsafe (in module java.base) because module java.base does not export jdk.internal.misc to unnamed module @44821a96
[DEBUG] 2023-02-19 11:33:05.046 [main] PlatformDependent0 - java.nio.DirectByteBuffer.<init>(long, int): unavailable
[DEBUG] 2023-02-19 11:33:05.046 [main] PlatformDependent - sun.misc.Unsafe: available
[DEBUG] 2023-02-19 11:33:05.047 [main] PlatformDependent - maxDirectMemory: 4227858432 bytes (maybe)
[DEBUG] 2023-02-19 11:33:05.047 [main] PlatformDependent - -Dio.netty.tmpdir: C:\Users\SB0068~1\AppData\Local\Temp (java.io.tmpdir)
[DEBUG] 2023-02-19 11:33:05.047 [main] PlatformDependent - -Dio.netty.bitMode: 64 (sun.arch.data.model)
[DEBUG] 2023-02-19 11:33:05.047 [main] PlatformDependent - Platform: Windows
[DEBUG] 2023-02-19 11:33:05.048 [main] PlatformDependent - -Dio.netty.maxDirectMemory: -1 bytes
[DEBUG] 2023-02-19 11:33:05.048 [main] PlatformDependent - -Dio.netty.uninitializedArrayAllocationThreshold: -1
[DEBUG] 2023-02-19 11:33:05.049 [main] CleanerJava9 - java.nio.ByteBuffer.cleaner(): available
[DEBUG] 2023-02-19 11:33:05.049 [main] PlatformDependent - -Dio.netty.noPreferDirect: false
[DEBUG] 2023-02-19 11:33:05.054 [main] PlatformDependent - org.jctools-core.MpscChunkedArrayQueue: available
[DEBUG] 2023-02-19 11:33:05.076 [main] InternalThreadLocalMap - -Dio.netty.threadLocalMap.stringBuilder.initialSize: 1024
[DEBUG] 2023-02-19 11:33:05.076 [main] InternalThreadLocalMap - -Dio.netty.threadLocalMap.stringBuilder.maxSize: 4096
[DEBUG] 2023-02-19 11:33:05.090 [main] JdkSslContext - Default protocols (JDK): [TLSv1.3, TLSv1.2] 
[DEBUG] 2023-02-19 11:33:05.090 [main] JdkSslContext - Default cipher suites (JDK): [TLS_ECDHE_ECDSA_WITH_AES_256_GCM_SHA384, TLS_ECDHE_ECDSA_WITH_AES_128_GCM_SHA256, TLS_ECDHE_RSA_WITH_AES_128_GCM_SHA256, TLS_ECDHE_RSA_WITH_AES_256_GCM_SHA384, TLS_ECDHE_RSA_WITH_AES_128_CBC_SHA, TLS_ECDHE_RSA_WITH_AES_256_CBC_SHA, TLS_RSA_WITH_AES_128_GCM_SHA256, TLS_RSA_WITH_AES_128_CBC_SHA, TLS_RSA_WITH_AES_256_CBC_SHA, TLS_AES_128_GCM_SHA256, TLS_AES_256_GCM_SHA384]
[DEBUG] 2023-02-19 11:33:05.112 [main] MultithreadEventLoopGroup - -Dio.netty.eventLoopThreads: 16
[DEBUG] 2023-02-19 11:33:05.121 [main] NioEventLoop - -Dio.netty.noKeySetOptimization: false
[DEBUG] 2023-02-19 11:33:05.121 [main] NioEventLoop - -Dio.netty.selectorAutoRebuildThreshold: 512
[DEBUG] 2023-02-19 11:33:05.232 [main] PooledByteBufAllocator - -Dio.netty.allocator.numHeapArenas: 16
[DEBUG] 2023-02-19 11:33:05.232 [main] PooledByteBufAllocator - -Dio.netty.allocator.numDirectArenas: 16
[DEBUG] 2023-02-19 11:33:05.232 [main] PooledByteBufAllocator - -Dio.netty.allocator.pageSize: 8192
[DEBUG] 2023-02-19 11:33:05.232 [main] PooledByteBufAllocator - -Dio.netty.allocator.maxOrder: 9
[DEBUG] 2023-02-19 11:33:05.232 [main] PooledByteBufAllocator - -Dio.netty.allocator.chunkSize: 4194304
[DEBUG] 2023-02-19 11:33:05.232 [main] PooledByteBufAllocator - -Dio.netty.allocator.smallCacheSize: 256
[DEBUG] 2023-02-19 11:33:05.232 [main] PooledByteBufAllocator - -Dio.netty.allocator.normalCacheSize: 64
[DEBUG] 2023-02-19 11:33:05.233 [main] PooledByteBufAllocator - -Dio.netty.allocator.maxCachedBufferCapacity: 32768
[DEBUG] 2023-02-19 11:33:05.233 [main] PooledByteBufAllocator - -Dio.netty.allocator.cacheTrimInterval: 8192
[DEBUG] 2023-02-19 11:33:05.233 [main] PooledByteBufAllocator - -Dio.netty.allocator.cacheTrimIntervalMillis: 0
[DEBUG] 2023-02-19 11:33:05.233 [main] PooledByteBufAllocator - -Dio.netty.allocator.useCacheForAllThreads: false
[DEBUG] 2023-02-19 11:33:05.233 [main] PooledByteBufAllocator - -Dio.netty.allocator.maxCachedByteBuffersPerChunk: 1023
[DEBUG] 2023-02-19 11:33:05.240 [main] ByteBufUtil - -Dio.netty.allocator.type: pooled
[DEBUG] 2023-02-19 11:33:05.241 [main] ByteBufUtil - -Dio.netty.threadLocalDirectBufferSize: 0
[DEBUG] 2023-02-19 11:33:05.241 [main] ByteBufUtil - -Dio.netty.maxThreadLocalCharBufferSize: 16384
[DEBUG] 2023-02-19 11:33:06.799 [Forwarding newSession on session null to remote] DefaultChannelId - -Dio.netty.processId: 23880 (auto-detected)
[DEBUG] 2023-02-19 11:33:06.800 [Forwarding newSession on session null to remote] NetUtil - -Djava.net.preferIPv4Stack: false
[DEBUG] 2023-02-19 11:33:06.801 [Forwarding newSession on session null to remote] NetUtil - -Djava.net.preferIPv6Addresses: false
[DEBUG] 2023-02-19 11:33:06.818 [Forwarding newSession on session null to remote] NetUtilInitializations - Loopback interface: lo (Software Loopback Interface 1, 127.0.0.1)
[DEBUG] 2023-02-19 11:33:06.818 [Forwarding newSession on session null to remote] NetUtil - Failed to get SOMAXCONN from sysctl and file \proc\sys\net\core\somaxconn. Default: 200
[DEBUG] 2023-02-19 11:33:06.895 [Forwarding newSession on session null to remote] DefaultChannelId - -Dio.netty.machineId: 1c:c1:0c:ff:fe:ba:cb:24 (auto-detected)
[DEBUG] 2023-02-19 11:33:06.936 [AsyncHttpClient-1-2] AbstractByteBuf - -Dio.netty.buffer.checkAccessible: true
[DEBUG] 2023-02-19 11:33:06.936 [AsyncHttpClient-1-2] AbstractByteBuf - -Dio.netty.buffer.checkBounds: true
[DEBUG] 2023-02-19 11:33:06.936 [AsyncHttpClient-1-2] ResourceLeakDetectorFactory - Loaded default ResourceLeakDetector: io.netty.util.ResourceLeakDetector@77175f3a
[DEBUG] 2023-02-19 11:33:06.953 [AsyncHttpClient-1-2] Recycler - -Dio.netty.recycler.maxCapacityPerThread: 4096
[DEBUG] 2023-02-19 11:33:06.953 [AsyncHttpClient-1-2] Recycler - -Dio.netty.recycler.ratio: 8
[DEBUG] 2023-02-19 11:33:06.953 [AsyncHttpClient-1-2] Recycler - -Dio.netty.recycler.chunkSize: 32
[DEBUG] 2023-02-19 11:33:06.954 [AsyncHttpClient-1-2] Recycler - -Dio.netty.recycler.blocking: false
[DEBUG] 2023-02-19 11:33:07.855 [AsyncHttpClient-1-2] Brotli - brotli4j not in the classpath; Brotli support will be unavailable.
[DEBUG] 2023-02-19 11:33:07.968 [main] ThreadLocalRandom - -Dio.netty.initialSeedUniquifier: 0xfa3dc46aeea2b5bd
[INFO ] 2023-02-19 11:33:11.667 [main] MyShopV1 - Url Opened
Name of test method started:verifyRegistrationAndLogin
[INFO ] 2023-02-19 11:33:11.878 [main] MyShopV1 - Account and List hover
[INFO ] 2023-02-19 11:33:12.712 [main] MyShopV1 - Sign in button is clicked
[INFO ] 2023-02-19 11:33:12.797 [main] MyShopV1 - Email or mobile phone number entered
[INFO ] 2023-02-19 11:33:14.006 [main] MyShopV1 - Clicked on Continue button
[INFO ] 2023-02-19 11:33:14.079 [main] MyShopV1 - Enetered password
[INFO ] 2023-02-19 11:33:14.163 [main] MyShopV1 - Clicked on Sign in button
[INFO ] 2023-02-19 11:33:16.874 [main] MyShopV1 - Logged in with registered user
[INFO ] 2023-02-19 11:33:17.071 [main] MyShopV1 - Account and List hover
[INFO ] 2023-02-19 11:33:19.314 [main] MyShopV1 - Sign out button is clicked
Name of test method sucessfully executed:verifyRegistrationAndLogin
]]></system-out>
    <system-err><![CDATA[SLF4J: Failed to load class "org.slf4j.impl.StaticLoggerBinder".
SLF4J: Defaulting to no-operation (NOP) logger implementation
SLF4J: See http://www.slf4j.org/codes.html#StaticLoggerBinder for further details.
Starting ChromeDriver 110.0.5481.77 (65ed616c6e8ee3fe0ad64fe83796c020644d42af-refs/branch-heads/5481@{#839}) on port 15973
Only local connections are allowed.
Please see https://chromedriver.chromium.org/security-considerations for suggestions on keeping ChromeDriver safe.
ChromeDriver was started successfully.
[1676795587.780][WARNING]: virtual void DevToolsClientImpl::AddListener(DevToolsEventListener *) subscribing a listener to the already connected DevToolsClient. Connection notification will not arrive.
Feb 19, 2023 11:33:08 AM org.openqa.selenium.devtools.CdpVersionFinder findNearestMatch
WARNING: Unable to find an exact match for CDP version 110, so returning the closest version found: 107
]]></system-err>
  </testcase>
</testsuite>